<?xml version="1.0" encoding="UTF-8"?>
<!-- Generated by org.testng.reporters.JUnitReportReporter -->
<testsuite hostname="Raghava" failures="0" tests="1" name="TestCases.TC_001_AccountRegistrationTest" time="2.062" errors="0" timestamp="2024-08-31T20:20:49 IST" skipped="0">
  <testcase classname="TestCases.TC_001_AccountRegistrationTest" name="test_account_Registration" time="2.062"/>
  <system-out/>
</testsuite> <!-- TestCases.TC_001_AccountRegistrationTest -->
