<?xml version="1.0" encoding="UTF-8"?>
<!-- Generated by org.testng.reporters.JUnitReportReporter -->
<testsuite hostname="Raghava" failures="0" tests="1" name="TestCases.TC_002_LoginTest" time="1.427" errors="0" timestamp="2024-08-31T20:20:49 IST" skipped="0">
  <testcase classname="TestCases.TC_002_LoginTest" name="test_login" time="1.427"/>
  <system-out/>
</testsuite> <!-- TestCases.TC_002_LoginTest -->
